zero

>>>> itr_no: 1, seed: 648 <<<<<<
Use GPU: cuda:0
Experiments will be saved in results/ablation_study_1/zero/electricity_iTransformer/1
test 2607
Loading model from results/ablation_study_1/zero/electricity_iTransformer/1/checkpoint.pth
results/ablation_study_1/zero/electricity_iTransformer/1/wtsr.csv exists. Skipping ...

>>>> itr_no: 2, seed: 506 <<<<<<
Use GPU: cuda:0
Experiments will be saved in results/ablation_study_1/zero/electricity_iTransformer/2
test 2607
Loading model from results/ablation_study_1/zero/electricity_iTransformer/2/checkpoint.pth
results/ablation_study_1/zero/electricity_iTransformer/2/wtsr.csv exists. Skipping ...

>>>> itr_no: 3, seed: 608 <<<<<<
Use GPU: cuda:0
Experiments will be saved in results/ablation_study_1/zero/electricity_iTransformer/3
test 2607
Loading model from results/ablation_study_1/zero/electricity_iTransformer/3/checkpoint.pth

Running wtsr from 2024-12-03 10:18:48.970014
Resuming from batch 11
Experiment ended at 2024-12-03 10:24:31.179710. Total time taken 0:05:42.209696.
  metric   area       comp       suff
0    mae  0.050   6.748889  14.490473
1    mae  0.075   8.293163  13.204326
2    mae  0.100   9.234002  12.215573
3    mae  0.150  10.439455  10.503359
4    mse  0.050   4.087005  12.541775
5    mse  0.075   5.728257  10.515792
6    mse  0.100   6.897627   9.056137
7    mse  0.150   8.378938   6.860407

random

>>>> itr_no: 1, seed: 648 <<<<<<
Use GPU: cuda:0
Experiments will be saved in results/ablation_study_1/random/electricity_iTransformer/1
test 2607
Loading model from results/ablation_study_1/random/electricity_iTransformer/1/checkpoint.pth

Running wtsr from 2024-12-03 10:24:49.980970
Experiment ended at 2024-12-03 10:31:29.590101. Total time taken 0:06:39.609131.
  metric   area       comp       suff
0    mae  0.050  10.912090  16.227213
1    mae  0.075  12.342015  14.982025
2    mae  0.100  13.101404  14.181682
3    mae  0.150  14.488610  12.558759
4    mse  0.050   9.635587  17.451917
5    mse  0.075  11.641091  15.016500
6    mse  0.100  12.788002  13.553612
7    mse  0.150  15.061379  10.790428


>>>> itr_no: 2, seed: 506 <<<<<<
Use GPU: cuda:0
Experiments will be saved in results/ablation_study_1/random/electricity_iTransformer/2
test 2607
Loading model from results/ablation_study_1/random/electricity_iTransformer/2/checkpoint.pth

Running wtsr from 2024-12-03 10:31:31.550540
Experiment ended at 2024-12-03 10:38:09.878573. Total time taken 0:06:38.328033.
  metric   area       comp       suff
0    mae  0.050  10.882233  15.944826
1    mae  0.075  12.208421  14.732700
2    mae  0.100  12.896979  13.926815
3    mae  0.150  14.150239  12.313962
4    mse  0.050   9.634635  16.744219
5    mse  0.075  11.376340  14.451480
6    mse  0.100  12.339498  13.028277
7    mse  0.150  14.253635  10.343416


>>>> itr_no: 3, seed: 608 <<<<<<
Use GPU: cuda:0
Experiments will be saved in results/ablation_study_1/random/electricity_iTransformer/3
test 2607
Loading model from results/ablation_study_1/random/electricity_iTransformer/3/checkpoint.pth

Running wtsr from 2024-12-03 10:38:11.530857
Experiment ended at 2024-12-03 10:44:49.939882. Total time taken 0:06:38.409025.
  metric   area       comp       suff
0    mae  0.050  10.959306  16.496780
1    mae  0.075  12.329003  15.216710
2    mae  0.100  13.039306  14.377087
3    mae  0.150  14.334365  12.681130
4    mse  0.050   9.808917  17.859482
5    mse  0.075  11.729054  15.349872
6    mse  0.100  12.792396  13.800394
7    mse  0.150  14.862252  10.928896

aug

>>>> itr_no: 1, seed: 648 <<<<<<
Use GPU: cuda:0
Experiments will be saved in results/ablation_study_1/aug/electricity_iTransformer/1
test 2607
Loading model from results/ablation_study_1/aug/electricity_iTransformer/1/checkpoint.pth

Running wtsr from 2024-12-03 10:45:04.829361
Experiment ended at 2024-12-03 10:51:33.466994. Total time taken 0:06:28.637633.
  metric   area       comp       suff
0    mae  0.050   8.444691  12.851465
1    mae  0.075   9.687343  11.435107
2    mae  0.100  10.396030  10.470772
3    mae  0.150  11.565383   8.710580
4    mse  0.050   6.209339  11.555184
5    mse  0.075   7.654393   9.357347
6    mse  0.100   8.533201   7.969764
7    mse  0.150  10.118849   5.652252


>>>> itr_no: 2, seed: 506 <<<<<<
Use GPU: cuda:0
Experiments will be saved in results/ablation_study_1/aug/electricity_iTransformer/2
test 2607
Loading model from results/ablation_study_1/aug/electricity_iTransformer/2/checkpoint.pth

Running wtsr from 2024-12-03 10:51:35.238015
Experiment ended at 2024-12-03 10:58:03.744809. Total time taken 0:06:28.506794.
  metric   area       comp       suff
0    mae  0.050   8.392814  12.520771
1    mae  0.075   9.596619  11.138653
2    mae  0.100  10.269980  10.232860
3    mae  0.150  11.355641   8.527322
4    mse  0.050   6.189869  10.946765
5    mse  0.075   7.554912   8.860078
6    mse  0.100   8.375676   7.587639
7    mse  0.150   9.762724   5.393102


>>>> itr_no: 3, seed: 608 <<<<<<
Use GPU: cuda:0
Experiments will be saved in results/ablation_study_1/aug/electricity_iTransformer/3
test 2607
Loading model from results/ablation_study_1/aug/electricity_iTransformer/3/checkpoint.pth

Running wtsr from 2024-12-03 10:58:05.402380
Experiment ended at 2024-12-03 11:04:35.547191. Total time taken 0:06:30.144811.
  metric   area       comp       suff
0    mae  0.050   8.095730  12.691498
1    mae  0.075   9.354491  11.284697
2    mae  0.100  10.082822  10.343302
3    mae  0.150  11.263683   8.607515
4    mse  0.050   5.789218  11.289170
5    mse  0.075   7.257438   9.136396
6    mse  0.100   8.172099   7.796119
7    mse  0.150   9.713938   5.535171

mean

>>>> itr_no: 1, seed: 648 <<<<<<
Use GPU: cuda:0
Experiments will be saved in results/ablation_study_1/mean/electricity_iTransformer/1
test 2607
Loading model from results/ablation_study_1/mean/electricity_iTransformer/1/checkpoint.pth

Running wtsr from 2024-12-03 11:04:50.288710
Experiment ended at 2024-12-03 11:11:21.725934. Total time taken 0:06:31.437224.
  metric   area      comp       suff
0    mae  0.050  4.430670  11.081667
1    mae  0.075  5.230310  10.049240
2    mae  0.100  5.642641   9.400975
3    mae  0.150  6.361963   8.070584
4    mse  0.050  1.749418   7.545862
5    mse  0.075  2.291435   6.319132
6    mse  0.100  2.588621   5.590768
7    mse  0.150  3.132387   4.229560


>>>> itr_no: 2, seed: 506 <<<<<<
Use GPU: cuda:0
Experiments will be saved in results/ablation_study_1/mean/electricity_iTransformer/2
test 2607
Loading model from results/ablation_study_1/mean/electricity_iTransformer/2/checkpoint.pth

Running wtsr from 2024-12-03 11:11:23.418458
Experiment ended at 2024-12-03 11:17:54.527393. Total time taken 0:06:31.108935.
  metric   area      comp       suff
0    mae  0.050  4.352893  11.018806
1    mae  0.075  5.111624  10.022689
2    mae  0.100  5.505622   9.386187
3    mae  0.150  6.201557   8.064507
4    mse  0.050  1.643476   7.425322
5    mse  0.075  2.147421   6.278699
6    mse  0.100  2.425678   5.574826
7    mse  0.150  2.943824   4.230144


>>>> itr_no: 3, seed: 608 <<<<<<
Use GPU: cuda:0
Experiments will be saved in results/ablation_study_1/mean/electricity_iTransformer/3
test 2607
Loading model from results/ablation_study_1/mean/electricity_iTransformer/3/checkpoint.pth

Running wtsr from 2024-12-03 11:17:56.201510
Experiment ended at 2024-12-03 11:24:25.596759. Total time taken 0:06:29.395249.
  metric   area      comp       suff
0    mae  0.050  4.374676  11.097702
1    mae  0.075  5.138020  10.087207
2    mae  0.100  5.525907   9.444283
3    mae  0.150  6.237367   8.119521
4    mse  0.050  1.660974   7.547603
5    mse  0.075  2.185508   6.345050
6    mse  0.100  2.464980   5.617068
7    mse  0.150  2.990809   4.254732

gen

>>>> itr_no: 1, seed: 648 <<<<<<
Use GPU: cuda:0
Experiments will be saved in results/ablation_study_1/gen/electricity_iTransformer/1
test 2607
Loading model from results/ablation_study_1/gen/electricity_iTransformer/1/checkpoint.pth

Running wtsr from 2024-12-03 11:24:41.822842
Experiment ended at 2024-12-03 11:32:31.198549. Total time taken 0:07:49.375707.
  metric   area       comp       suff
0    mae  0.050   7.908977  13.899854
1    mae  0.075   9.197493  12.847504
2    mae  0.100   9.886167  12.098159
3    mae  0.150  10.961776  10.623182
4    mse  0.050   5.523053  11.851801
5    mse  0.075   6.966203  10.328121
6    mse  0.100   7.787297   9.273275
7    mse  0.150   9.078450   7.358201


>>>> itr_no: 2, seed: 506 <<<<<<
Use GPU: cuda:0
Experiments will be saved in results/ablation_study_1/gen/electricity_iTransformer/2
test 2607
Loading model from results/ablation_study_1/gen/electricity_iTransformer/2/checkpoint.pth

Running wtsr from 2024-12-03 11:32:32.946419
Experiment ended at 2024-12-03 11:40:15.121934. Total time taken 0:07:42.175515.
  metric   area       comp       suff
0    mae  0.050   7.941299  13.489739
1    mae  0.075   9.248835  12.454646
2    mae  0.100   9.963566  11.699623
3    mae  0.150  10.968129  10.225080
4    mse  0.050   5.678626  11.411381
5    mse  0.075   7.122441   9.897597
6    mse  0.100   7.983517   8.825665
7    mse  0.150   9.191254   6.893765


>>>> itr_no: 3, seed: 608 <<<<<<
Use GPU: cuda:0
Experiments will be saved in results/ablation_study_1/gen/electricity_iTransformer/3
test 2607
Loading model from results/ablation_study_1/gen/electricity_iTransformer/3/checkpoint.pth

Running wtsr from 2024-12-03 11:40:16.777641
Experiment ended at 2024-12-03 11:47:59.587126. Total time taken 0:07:42.809485.
  metric   area       comp       suff
0    mae  0.050   8.375081  14.338324
1    mae  0.075   9.799009  13.242644
2    mae  0.100  10.511961  12.476779
3    mae  0.150  11.617022  10.956689
4    mse  0.050   6.227046  12.698108
5    mse  0.075   7.963500  11.031779
6    mse  0.100   8.871973   9.890573
7    mse  0.150  10.273854   7.815375

