
>>>> itr_no: 1, seed: 648 <<<<<<
Use GPU: cuda:0
model_id  ori
Experiments will be saved in ./results/electricity_CALF/1
test 2607
Loading model from ./results/electricity_CALF/1/checkpoint.pth
./results/electricity_CALF/1/feature_ablation.csv exists. Skipping ...
./results/electricity_CALF/1/occlusion.csv exists. Skipping ...
./results/electricity_CALF/1/augmented_occlusion.csv exists. Skipping ...
./results/electricity_CALF/1/feature_permutation.csv exists. Skipping ...
./results/electricity_CALF/1/winIT.csv exists. Skipping ...

Running gatemask from 2024-11-30 19:42:24.631986
Experiment ended at 2024-11-30 20:37:31.662543. Total time taken 0:55:07.030557.
  metric   area       comp       suff
0    mae  0.050   5.423312  18.943612
1    mae  0.075   7.935138  17.483377
2    mae  0.100   9.216749  16.777308
3    mae  0.150  11.312175  15.375025
4    mse  0.050   3.553426  24.351973
5    mse  0.075   6.018639  20.890376
6    mse  0.100   7.420494  19.250656
7    mse  0.150  10.007525  16.131410


Running wtsr from 2024-11-30 20:37:32.075358
Experiment ended at 2024-11-30 21:30:38.536288. Total time taken 0:53:06.460930.
  metric   area       comp       suff
0    mae  0.050  11.179534  16.081539
1    mae  0.075  12.722133  14.758094
2    mae  0.100  13.466458  13.979631
3    mae  0.150  14.884640  12.240720
4    mse  0.050  10.068415  17.695150
5    mse  0.075  12.340178  15.077855
6    mse  0.100  13.541299  13.603175
7    mse  0.150  15.961135  10.594657


>>>> itr_no: 2, seed: 506 <<<<<<
Use GPU: cuda:0
model_id  ori
Experiments will be saved in ./results/electricity_CALF/2
test 2607
Loading model from ./results/electricity_CALF/2/checkpoint.pth
./results/electricity_CALF/2/feature_ablation.csv exists. Skipping ...

Running occlusion from 2024-11-30 21:30:41.381536
Experiment ended at 2024-11-30 22:20:47.623580. Total time taken 0:50:06.242044.
  metric   area       comp       suff
0    mae  0.050  11.212030  16.335207
1    mae  0.075  12.777169  14.885360
2    mae  0.100  13.550464  14.033372
3    mae  0.150  14.997646  12.210746
4    mse  0.050   9.850044  18.081801
5    mse  0.075  12.165980  15.207659
6    mse  0.100  13.415336  13.627752
7    mse  0.150  15.945810  10.499912


Running augmented_occlusion from 2024-11-30 22:20:47.945290
Experiment ended at 2024-11-30 23:10:50.455063. Total time taken 0:50:02.509773.
  metric   area       comp       suff
0    mae  0.050   7.835232  18.699956
1    mae  0.075   9.301063  17.810880
2    mae  0.100  10.000361  17.278380
3    mae  0.150  11.385824  16.120925
4    mse  0.050   5.950743  23.214310
5    mse  0.075   7.633696  21.196158
6    mse  0.100   8.503044  20.044451
7    mse  0.150  10.353675  17.609034


Running feature_permutation from 2024-11-30 23:10:50.787947
Experiment ended at 2024-12-01 00:00:24.656236. Total time taken 0:49:33.868289.
  metric   area      comp       suff
0    mae  0.050  5.691339  20.088979
1    mae  0.075  7.366421  19.440303
2    mae  0.100  8.244349  19.078930
3    mae  0.150  9.947175  18.250979
4    mse  0.050  3.275368  26.658604
5    mse  0.075  4.822661  25.110890
6    mse  0.100  5.775275  24.249893
7    mse  0.150  7.872866  22.362058

./results/electricity_CALF/2/winIT.csv exists. Skipping ...

Running gatemask from 2024-12-01 00:00:24.993974
Experiment ended at 2024-12-01 00:51:50.848866. Total time taken 0:51:25.854892.
  metric   area       comp       suff
0    mae  0.050   5.721838  19.302264
1    mae  0.075   8.208856  17.876979
2    mae  0.100   9.375538  17.199691
3    mae  0.150  11.468690  15.820925
4    mse  0.050   3.599214  25.069486
5    mse  0.075   6.068500  21.619359
6    mse  0.100   7.384022  20.015809
7    mse  0.150  10.039672  16.890091


Running wtsr from 2024-12-01 00:51:51.153566
Experiment ended at 2024-12-01 01:30:36.539791. Total time taken 0:38:45.386225.
  metric   area       comp       suff
0    mae  0.050  11.156975  16.315021
1    mae  0.075  12.644360  14.861637
2    mae  0.100  13.418126  14.048432
3    mae  0.150  14.881000  12.278246
4    mse  0.050   9.735300  18.060693
5    mse  0.075  11.901667  15.196759
6    mse  0.100  13.108730  13.688030
7    mse  0.150  15.581606  10.650963


>>>> itr_no: 3, seed: 608 <<<<<<
Use GPU: cuda:0
model_id  ori
Experiments will be saved in ./results/electricity_CALF/3
test 2607
Loading model from ./results/electricity_CALF/3/checkpoint.pth
./results/electricity_CALF/3/feature_ablation.csv exists. Skipping ...

Running occlusion from 2024-12-01 01:30:43.909259
Experiment ended at 2024-12-01 02:06:33.842946. Total time taken 0:35:49.933687.
  metric   area       comp       suff
0    mae  0.050  10.908585  16.162385
1    mae  0.075  12.447132  14.788822
2    mae  0.100  13.238509  13.989547
3    mae  0.150  14.745409  12.207664
4    mse  0.050   9.357757  17.565529
5    mse  0.075  11.588878  14.894937
6    mse  0.100  12.802029  13.424644
7    mse  0.150  15.349205  10.425972


Running augmented_occlusion from 2024-12-01 02:06:34.167596
Experiment ended at 2024-12-01 02:42:33.383876. Total time taken 0:35:59.216280.
  metric   area       comp       suff
0    mae  0.050   7.622926  18.184292
1    mae  0.075   8.949273  17.414642
2    mae  0.100   9.611691  16.955141
3    mae  0.150  10.916554  15.873847
4    mse  0.050   5.593370  22.133240
5    mse  0.075   7.008712  20.399150
6    mse  0.100   7.794871  19.381356
7    mse  0.150   9.452145  17.109805


Running feature_permutation from 2024-12-01 02:42:33.709207
Experiment ended at 2024-12-01 03:18:27.430786. Total time taken 0:35:53.721579.
  metric   area      comp       suff
0    mae  0.050  5.471577  19.795930
1    mae  0.075  7.042374  19.171238
2    mae  0.100  7.885901  18.782150
3    mae  0.150  9.589021  17.921388
4    mse  0.050  3.129288  26.007357
5    mse  0.075  4.537277  24.536936
6    mse  0.100  5.404794  23.622850
7    mse  0.150  7.398310  21.656960

./results/electricity_CALF/3/winIT.csv exists. Skipping ...

Running gatemask from 2024-12-01 03:18:27.827859
Experiment ended at 2024-12-01 03:58:01.909335. Total time taken 0:39:34.081476.
  metric   area       comp       suff
0    mae  0.050   5.545805  19.198740
1    mae  0.075   7.906029  17.717819
2    mae  0.100   9.095619  17.017435
3    mae  0.150  11.168317  15.607978
4    mse  0.050   3.553991  24.664736
5    mse  0.075   5.818809  21.129943
6    mse  0.100   7.106356  19.521766
7    mse  0.150   9.629437  16.361837


Running wtsr from 2024-12-01 03:58:02.212286
Experiment ended at 2024-12-01 04:36:04.118346. Total time taken 0:38:01.906060.
  metric   area       comp       suff
0    mae  0.050  11.045629  16.131415
1    mae  0.075  12.563838  14.804122
2    mae  0.100  13.319746  14.026821
3    mae  0.150  14.803595  12.229744
4    mse  0.050   9.588217  17.635004
5    mse  0.075  11.775550  15.024579
6    mse  0.100  12.969707  13.573335
7    mse  0.150  15.509861  10.487802

