Running for model:DLinear

>>>> itr_no: 1, seed: 648 <<<<<<
Use GPU: cuda:0
Experiments will be saved in ./results/electricity_DLinear/1
test 2607
Loading model from ./results/electricity_DLinear/1/checkpoint.pth

Running gatemask from 2024-11-27 13:47:20.254104
Experiment ended at 2024-11-27 13:49:47.409989. Total time taken 0:02:27.155885.
  metric   area       comp       suff
0    mae  0.050   4.184921  15.785170
1    mae  0.075   6.576459  14.456662
2    mae  0.100   8.227294  13.563654
3    mae  0.150  11.277117  11.531835
4    mse  0.050   2.474291  16.859339
5    mse  0.075   4.630356  14.418118
6    mse  0.100   6.423760  12.844457
7    mse  0.150  10.073760   9.507916


>>>> itr_no: 2, seed: 506 <<<<<<
Use GPU: cuda:0
Experiments will be saved in ./results/electricity_DLinear/2
test 2607
Loading model from ./results/electricity_DLinear/2/checkpoint.pth

Running gatemask from 2024-11-27 13:49:48.907706
Experiment ended at 2024-11-27 13:52:12.811933. Total time taken 0:02:23.904227.
  metric   area       comp       suff
0    mae  0.050   4.058266  15.620640
1    mae  0.075   6.553775  14.183721
2    mae  0.100   8.209680  13.310617
3    mae  0.150  11.359800  11.281039
4    mse  0.050   2.257646  16.618865
5    mse  0.075   4.500535  13.978988
6    mse  0.100   6.281923  12.446515
7    mse  0.150  10.106594   9.127785


>>>> itr_no: 3, seed: 608 <<<<<<
Use GPU: cuda:0
Experiments will be saved in ./results/electricity_DLinear/3
test 2607
Loading model from ./results/electricity_DLinear/3/checkpoint.pth

Running gatemask from 2024-11-27 13:52:14.321061
Experiment ended at 2024-11-27 13:54:42.557152. Total time taken 0:02:28.236091.
  metric   area       comp       suff
0    mae  0.050   4.239130  15.941555
1    mae  0.075   6.752563  14.550035
2    mae  0.100   8.426909  13.589258
3    mae  0.150  11.792887  11.361898
4    mse  0.050   2.543016  17.312330
5    mse  0.075   4.850382  14.750761
6    mse  0.100   6.665983  13.054083
7    mse  0.150  10.883074   9.287393

Running for model:MICN

>>>> itr_no: 1, seed: 648 <<<<<<
Use GPU: cuda:0
Experiments will be saved in ./results/electricity_MICN/1
test 2607
Loading model from ./results/electricity_MICN/1/checkpoint.pth

Running gatemask from 2024-11-27 13:55:04.754416
Experiment ended at 2024-11-27 14:02:34.689916. Total time taken 0:07:29.935500.
  metric   area       comp       suff
0    mae  0.050   6.674034  14.485911
1    mae  0.075   9.097817  13.083644
2    mae  0.100  10.480447  12.072734
3    mae  0.150  12.721828   9.774956
4    mse  0.050   4.351329  14.399587
5    mse  0.075   6.894039  12.068610
6    mse  0.100   8.585025  10.455990
7    mse  0.150  11.574179   7.077966


>>>> itr_no: 2, seed: 506 <<<<<<
Use GPU: cuda:0
Experiments will be saved in ./results/electricity_MICN/2
test 2607
Loading model from ./results/electricity_MICN/2/checkpoint.pth

Running gatemask from 2024-11-27 14:02:36.366727
Experiment ended at 2024-11-27 14:10:00.924601. Total time taken 0:07:24.557874.
  metric   area       comp       suff
0    mae  0.050   6.337437  14.834720
1    mae  0.075   8.842081  13.354174
2    mae  0.100  10.359027  12.365051
3    mae  0.150  12.914454   9.937539
4    mse  0.050   4.006135  14.967639
5    mse  0.075   6.615786  12.509366
6    mse  0.100   8.445745  10.935203
7    mse  0.150  11.811077   7.334562


>>>> itr_no: 3, seed: 608 <<<<<<
Use GPU: cuda:0
Experiments will be saved in ./results/electricity_MICN/3
test 2607
Loading model from ./results/electricity_MICN/3/checkpoint.pth

Running gatemask from 2024-11-27 14:10:02.582025
Experiment ended at 2024-11-27 14:17:33.446150. Total time taken 0:07:30.864125.
  metric   area       comp       suff
0    mae  0.050   6.640844  14.499941
1    mae  0.075   8.969130  13.098357
2    mae  0.100  10.386604  12.139707
3    mae  0.150  12.688938   9.871269
4    mse  0.050   4.278896  14.331277
5    mse  0.075   6.692896  12.052631
6    mse  0.100   8.412447  10.549536
7    mse  0.150  11.488271   7.256514

Running for model:SegRNN

>>>> itr_no: 1, seed: 648 <<<<<<
Use GPU: cuda:0
Experiments will be saved in ./results/electricity_SegRNN/1
test 2607
Loading model from ./results/electricity_SegRNN/1/checkpoint.pth

Running gatemask from 2024-11-27 14:17:48.435114
Experiment ended at 2024-11-27 14:21:01.850072. Total time taken 0:03:13.414958.
  metric   area      comp       suff
0    mae  0.050  2.883976  17.133192
1    mae  0.075  4.190018  16.664603
2    mae  0.100  4.922424  16.391475
3    mae  0.150  6.525463  15.627465
4    mse  0.050  0.780460  19.176258
5    mse  0.075  1.519217  18.280738
6    mse  0.100  2.044224  17.745023
7    mse  0.150  3.444851  16.300707


>>>> itr_no: 2, seed: 506 <<<<<<
Use GPU: cuda:0
Experiments will be saved in ./results/electricity_SegRNN/2
test 2607
Loading model from ./results/electricity_SegRNN/2/checkpoint.pth

Running gatemask from 2024-11-27 14:21:03.365732
Experiment ended at 2024-11-27 14:24:09.689381. Total time taken 0:03:06.323649.
  metric   area      comp       suff
0    mae  0.050  2.723460  17.094267
1    mae  0.075  4.021137  16.615624
2    mae  0.100  4.797914  16.300216
3    mae  0.150  6.532305  15.443602
4    mse  0.050  0.708708  19.158378
5    mse  0.075  1.445064  18.236661
6    mse  0.100  1.992308  17.631283
7    mse  0.150  3.513374  16.051948


>>>> itr_no: 3, seed: 608 <<<<<<
Use GPU: cuda:0
Experiments will be saved in ./results/electricity_SegRNN/3
test 2607
Loading model from ./results/electricity_SegRNN/3/checkpoint.pth

Running gatemask from 2024-11-27 14:24:11.227910
Experiment ended at 2024-11-27 14:27:23.562339. Total time taken 0:03:12.334429.
  metric   area      comp       suff
0    mae  0.050  2.767209  16.922224
1    mae  0.075  4.040477  16.444918
2    mae  0.100  4.757584  16.152393
3    mae  0.150  6.459355  15.298559
4    mse  0.050  0.723777  18.904849
5    mse  0.075  1.423090  17.986156
6    mse  0.100  1.930907  17.414018
7    mse  0.150  3.409168  15.811693

Running for model:iTransformer

>>>> itr_no: 1, seed: 648 <<<<<<
Use GPU: cuda:0
Experiments will be saved in ./results/electricity_iTransformer/1
test 2607
Loading model from ./results/electricity_iTransformer/1/checkpoint.pth

Running gatemask from 2024-11-27 14:27:37.617238
Experiment ended at 2024-11-27 14:33:23.174396. Total time taken 0:05:45.557158.
  metric   area      comp       suff
0    mae  0.050  3.346132  20.303077
1    mae  0.075  4.959470  19.347960
2    mae  0.100  6.232968  18.718393
3    mae  0.150  8.887625  16.848341
4    mse  0.050  1.162236  27.072818
5    mse  0.075  2.289623  24.925707
6    mse  0.100  3.404005  23.552826
7    mse  0.150  6.307819  19.465797


>>>> itr_no: 2, seed: 506 <<<<<<
Use GPU: cuda:0
Experiments will be saved in ./results/electricity_iTransformer/2
test 2607
Loading model from ./results/electricity_iTransformer/2/checkpoint.pth

Running gatemask from 2024-11-27 14:33:24.780065
Experiment ended at 2024-11-27 14:39:07.688941. Total time taken 0:05:42.908876.
  metric   area      comp       suff
0    mae  0.050  3.389138  20.061125
1    mae  0.075  5.014184  19.119397
2    mae  0.100  6.403782  18.426993
3    mae  0.150  9.010236  16.520497
4    mse  0.050  1.232767  26.121071
5    mse  0.075  2.429036  23.940399
6    mse  0.100  3.675549  22.376668
7    mse  0.150  6.552761  18.306241


>>>> itr_no: 3, seed: 608 <<<<<<
Use GPU: cuda:0
Experiments will be saved in ./results/electricity_iTransformer/3
test 2607
Loading model from ./results/electricity_iTransformer/3/checkpoint.pth

Running gatemask from 2024-11-27 14:39:09.308684
Experiment ended at 2024-11-27 14:44:58.028844. Total time taken 0:05:48.720160.
  metric   area      comp       suff
0    mae  0.050  3.454125  20.212133
1    mae  0.075  5.110730  19.200919
2    mae  0.100  6.514105  18.490621
3    mae  0.150  9.191832  16.432417
4    mse  0.050  1.269825  26.521821
5    mse  0.075  2.479975  24.257066
6    mse  0.100  3.775947  22.678994
7    mse  0.150  6.775679  18.313540

