Running for model:DLinear

>>>> itr_no: 1, seed: 648 <<<<<<
Use GPU: cuda:0
Experiments will be saved in ./results/traffic_DLinear/1
test 1731
Loading model from ./results/traffic_DLinear/1/checkpoint.pth

Running gatemask from 2024-11-27 14:23:44.840334
Experiment ended at 2024-11-27 14:25:23.110596. Total time taken 0:01:38.270262.
  metric   area      comp       suff
0    mae  0.050  2.282520  27.172145
1    mae  0.075  3.713760  26.465050
2    mae  0.100  4.552770  26.065264
3    mae  0.150  6.175255  25.174941
4    mse  0.050  0.595023  42.300516
5    mse  0.075  1.354527  40.499285
6    mse  0.100  1.946228  39.535537
7    mse  0.150  3.273585  37.455836


>>>> itr_no: 2, seed: 506 <<<<<<
Use GPU: cuda:0
Experiments will be saved in ./results/traffic_DLinear/2
test 1731
Loading model from ./results/traffic_DLinear/2/checkpoint.pth

Running gatemask from 2024-11-27 14:25:25.480210
Experiment ended at 2024-11-27 14:27:02.452948. Total time taken 0:01:36.972738.
  metric   area      comp       suff
0    mae  0.050  2.351022  27.250749
1    mae  0.075  3.805911  26.476626
2    mae  0.100  4.649270  26.070270
3    mae  0.150  6.326700  25.210707
4    mse  0.050  0.657891  42.911054
5    mse  0.075  1.498252  40.932146
6    mse  0.100  2.124527  39.967821
7    mse  0.150  3.556220  37.949357


>>>> itr_no: 3, seed: 608 <<<<<<
Use GPU: cuda:0
Experiments will be saved in ./results/traffic_DLinear/3
test 1731
Loading model from ./results/traffic_DLinear/3/checkpoint.pth

Running gatemask from 2024-11-27 14:27:04.773480
Experiment ended at 2024-11-27 14:28:42.591602. Total time taken 0:01:37.818122.
  metric   area      comp       suff
0    mae  0.050  2.302374  26.964399
1    mae  0.075  3.718139  26.181570
2    mae  0.100  4.525539  25.736254
3    mae  0.150  6.147890  24.830522
4    mse  0.050  0.612016  41.710330
5    mse  0.075  1.381396  39.738208
6    mse  0.100  1.954798  38.660943
7    mse  0.150  3.275216  36.526784

Running for model:MICN

>>>> itr_no: 1, seed: 648 <<<<<<
Use GPU: cuda:0
Experiments will be saved in ./results/traffic_MICN/1
test 1731
Loading model from ./results/traffic_MICN/1/checkpoint.pth

Running gatemask from 2024-11-27 14:28:57.292610
Experiment ended at 2024-11-27 14:34:03.536705. Total time taken 0:05:06.244095.
  metric   area      comp       suff
0    mae  0.050  1.424637  23.144507
1    mae  0.075  2.323258  22.551582
2    mae  0.100  2.958805  22.197897
3    mae  0.150  4.474845  21.265821
4    mse  0.050  0.212803  30.756306
5    mse  0.075  0.478827  29.321154
6    mse  0.100  0.740103  28.495587
7    mse  0.150  1.613040  26.463306


>>>> itr_no: 2, seed: 506 <<<<<<
Use GPU: cuda:0
Experiments will be saved in ./results/traffic_MICN/2
test 1731
Loading model from ./results/traffic_MICN/2/checkpoint.pth

Running gatemask from 2024-11-27 14:34:06.127802
Experiment ended at 2024-11-27 14:39:08.172834. Total time taken 0:05:02.045032.
  metric   area      comp       suff
0    mae  0.050  1.601921  22.992826
1    mae  0.075  2.605639  22.354794
2    mae  0.100  3.302417  21.943848
3    mae  0.150  5.085789  20.734536
4    mse  0.050  0.295833  30.464756
5    mse  0.075  0.670807  28.948118
6    mse  0.100  1.021420  28.019144
7    mse  0.150  2.238260  25.489693


>>>> itr_no: 3, seed: 608 <<<<<<
Use GPU: cuda:0
Experiments will be saved in ./results/traffic_MICN/3
test 1731
Loading model from ./results/traffic_MICN/3/checkpoint.pth

Running gatemask from 2024-11-27 14:39:10.745474
Experiment ended at 2024-11-27 14:44:11.125553. Total time taken 0:05:00.380079.
  metric   area      comp       suff
0    mae  0.050  1.461895  23.930611
1    mae  0.075  2.376048  23.353755
2    mae  0.100  3.018652  23.002288
3    mae  0.150  4.489333  22.077531
4    mse  0.050  0.221654  32.625819
5    mse  0.075  0.491835  31.194344
6    mse  0.100  0.761380  30.348839
7    mse  0.150  1.600144  28.259958

Running for model:SegRNN

>>>> itr_no: 1, seed: 648 <<<<<<
Use GPU: cuda:0
Experiments will be saved in ./results/traffic_SegRNN/1
test 1731
Loading model from ./results/traffic_SegRNN/1/checkpoint.pth

Running gatemask from 2024-11-27 14:44:26.784054
Experiment ended at 2024-11-27 14:46:32.652303. Total time taken 0:02:05.868249.
  metric   area      comp       suff
0    mae  0.050  2.603352  24.822236
1    mae  0.075  3.948213  23.648015
2    mae  0.100  4.632667  22.973443
3    mae  0.150  6.649013  21.356099
4    mse  0.050  0.649696  37.107595
5    mse  0.075  1.344098  34.335440
6    mse  0.100  1.837237  32.780296
7    mse  0.150  3.747022  29.159236


>>>> itr_no: 2, seed: 506 <<<<<<
Use GPU: cuda:0
Experiments will be saved in ./results/traffic_SegRNN/2
test 1731
Loading model from ./results/traffic_SegRNN/2/checkpoint.pth

Running gatemask from 2024-11-27 14:46:34.936979
Experiment ended at 2024-11-27 14:48:41.085168. Total time taken 0:02:06.148189.
  metric   area      comp       suff
0    mae  0.050  2.703149  24.796909
1    mae  0.075  4.057106  23.532799
2    mae  0.100  5.001046  22.748036
3    mae  0.150  7.718483  20.674278
4    mse  0.050  0.705801  36.705255
5    mse  0.075  1.535740  33.710343
6    mse  0.100  2.398555  31.836473
7    mse  0.150  5.458529  27.197531


>>>> itr_no: 3, seed: 608 <<<<<<
Use GPU: cuda:0
Experiments will be saved in ./results/traffic_SegRNN/3
test 1731
Loading model from ./results/traffic_SegRNN/3/checkpoint.pth

Running gatemask from 2024-11-27 14:48:43.389230
Experiment ended at 2024-11-27 14:50:52.048242. Total time taken 0:02:08.659012.
  metric   area      comp       suff
0    mae  0.050  2.642253  24.551512
1    mae  0.075  3.906458  23.331644
2    mae  0.100  4.655262  22.652008
3    mae  0.150  7.098083  20.808798
4    mse  0.050  0.686140  35.518272
5    mse  0.075  1.317661  32.712522
6    mse  0.100  1.859388  31.178254
7    mse  0.150  4.502224  27.147868

Running for model:iTransformer

>>>> itr_no: 1, seed: 648 <<<<<<
Use GPU: cuda:0
Experiments will be saved in ./results/traffic_iTransformer/1
test 1731
Loading model from ./results/traffic_iTransformer/1/checkpoint.pth

Running gatemask from 2024-11-27 14:51:08.249991
Experiment ended at 2024-11-27 14:55:11.898469. Total time taken 0:04:03.648478.
  metric   area      comp       suff
0    mae  0.050  2.617737  28.760422
1    mae  0.075  3.459653  27.650653
2    mae  0.100  4.244934  26.842020
3    mae  0.150  5.542756  25.065239
4    mse  0.050  0.644222  46.932771
5    mse  0.075  1.003279  43.813257
6    mse  0.100  1.471409  41.562604
7    mse  0.150  2.397084  36.857217


>>>> itr_no: 2, seed: 506 <<<<<<
Use GPU: cuda:0
Experiments will be saved in ./results/traffic_iTransformer/2
test 1731
Loading model from ./results/traffic_iTransformer/2/checkpoint.pth

Running gatemask from 2024-11-27 14:55:14.333502
Experiment ended at 2024-11-27 14:59:24.352240. Total time taken 0:04:10.018738.
  metric   area      comp       suff
0    mae  0.050  2.561966  28.879356
1    mae  0.075  3.427599  27.695430
2    mae  0.100  4.145704  26.920351
3    mae  0.150  5.585843  25.052367
4    mse  0.050  0.591853  47.177110
5    mse  0.075  0.995386  43.843266
6    mse  0.100  1.393633  41.687303
7    mse  0.150  2.440360  36.690081


>>>> itr_no: 3, seed: 608 <<<<<<
Use GPU: cuda:0
Experiments will be saved in ./results/traffic_iTransformer/3
test 1731
Loading model from ./results/traffic_iTransformer/3/checkpoint.pth

Running gatemask from 2024-11-27 14:59:26.702201
Experiment ended at 2024-11-27 15:03:32.504615. Total time taken 0:04:05.802414.
  metric   area      comp       suff
0    mae  0.050  2.778418  28.907494
1    mae  0.075  3.744321  27.744825
2    mae  0.100  4.395038  26.919829
3    mae  0.150  5.705485  25.217636
4    mse  0.050  0.732574  47.405952
5    mse  0.075  1.227111  44.138210
6    mse  0.100  1.619822  41.857813
7    mse  0.150  2.563766  37.339074

